<?xml version="1.0" encoding="UTF-8"?>
<testng-results skipped="0" failed="0" total="1" passed="1">
  <reporter-output>
  </reporter-output>
  <suite name="Default suite" duration-ms="15637" started-at="2020-09-22T08:53:10Z" finished-at="2020-09-22T08:53:25Z">
    <groups>
    </groups>
    <test name="Default test" duration-ms="15637" started-at="2020-09-22T08:53:10Z" finished-at="2020-09-22T08:53:25Z">
      <class name="extentReports.ExtentReportDemo">
        <test-method status="PASS" signature="startTest()[pri:0, instance:extentReports.ExtentReportDemo@26be92ad]" name="startTest" is-config="true" duration-ms="386" started-at="2020-09-22T14:23:10Z" finished-at="2020-09-22T14:23:10Z">
          <reporter-output>
          </reporter-output>
        </test-method> <!-- startTest -->
        <test-method status="PASS" signature="ExtentDemo()[pri:0, instance:extentReports.ExtentReportDemo@26be92ad]" name="ExtentDemo" duration-ms="13902" started-at="2020-09-22T14:23:10Z" finished-at="2020-09-22T14:23:24Z">
          <reporter-output>
          </reporter-output>
        </test-method> <!-- ExtentDemo -->
        <test-method status="PASS" signature="endTest()[pri:0, instance:extentReports.ExtentReportDemo@26be92ad]" name="endTest" is-config="true" duration-ms="1057" started-at="2020-09-22T14:23:24Z" finished-at="2020-09-22T14:23:25Z">
          <reporter-output>
          </reporter-output>
        </test-method> <!-- endTest -->
        <test-method status="PASS" signature="quitBrowser()[pri:0, instance:extentReports.ExtentReportDemo@26be92ad]" name="quitBrowser" is-config="true" duration-ms="259" started-at="2020-09-22T14:23:25Z" finished-at="2020-09-22T14:23:25Z">
          <reporter-output>
          </reporter-output>
        </test-method> <!-- quitBrowser -->
      </class> <!-- extentReports.ExtentReportDemo -->
    </test> <!-- Default test -->
  </suite> <!-- Default suite -->
</testng-results>
